build/app/intermediates/manifest_merge_blame_file/debug/manifest-merger-blame-debug-report.txt
1<?xml version="1.0" encoding="utf-8"?>
2<manifest xmlns:android="http://schemas.android.com/apk/res/android"
3    package="com.hwibin.da_travel"
4    android:versionCode="1"
5    android:versionName="1.0.0" >
6
7    <uses-sdk
8        android:minSdkVersion="21"
9        android:targetSdkVersion="33" />
10    <!--
11         The INTERNET permission is required for development. Specifically,
12         the Flutter tool needs it to communicate with the running application
13         to allow setting breakpoints, to provide hot reload, etc.
14    -->
15    <uses-permission android:name="android.permission.INTERNET" />
15-->src\debug\AndroidManifest.xml:7:5-66
15-->src\debug\AndroidManifest.xml:7:22-64
16    <uses-permission android:name="android.permission.ACCESS_NETWORK_STATE" />
16-->[:firebase_analytics] AndroidManifest.xml:7:5-79
16-->[:firebase_analytics] AndroidManifest.xml:7:22-76
17    <uses-permission android:name="android.permission.WAKE_LOCK" />
17-->[:firebase_analytics] AndroidManifest.xml:9:5-68
17-->[:firebase_analytics] AndroidManifest.xml:9:22-65
18    <uses-permission android:name="android.permission.WRITE_EXTERNAL_STORAGE" />
19    <uses-permission android:name="android.permission.READ_PHONE_STATE" />
20    <uses-permission android:name="android.permission.READ_EXTERNAL_STORAGE" /> <!-- Permissions options for the `notification` group -->
21    <uses-permission android:name="android.permission.POST_NOTIFICATIONS" /> <!-- Required by older versions of Google Play services to create IID tokens -->
21-->[:firebase_messaging] AndroidManifest.xml:11:5-77
21-->[:firebase_messaging] AndroidManifest.xml:11:22-74
22    <uses-permission android:name="com.google.android.c2dm.permission.RECEIVE" />
22-->[com.google.firebase:firebase-messaging:23.0.8] AndroidManifest.xml:29:5-82
22-->[com.google.firebase:firebase-messaging:23.0.8] AndroidManifest.xml:29:22-79
23    <uses-permission android:name="com.google.android.gms.permission.AD_ID" />
23-->[com.google.android.gms:play-services-measurement-api:21.1.1] AndroidManifest.xml:25:5-79
23-->[com.google.android.gms:play-services-measurement-api:21.1.1] AndroidManifest.xml:25:22-76
24    <uses-permission android:name="com.google.android.finsky.permission.BIND_GET_INSTALL_REFERRER_SERVICE" />
24-->[com.google.android.gms:play-services-measurement:21.1.1] AndroidManifest.xml:26:5-110
24-->[com.google.android.gms:play-services-measurement:21.1.1] AndroidManifest.xml:26:22-107
25
26    <uses-feature
26-->[com.google.android.gms:play-services-maps:18.1.0] AndroidManifest.xml:26:5-28:35
27        android:glEsVersion="0x00020000"
27-->[com.google.android.gms:play-services-maps:18.1.0] AndroidManifest.xml:27:9-41
28        android:required="true" />
28-->[com.google.android.gms:play-services-maps:18.1.0] AndroidManifest.xml:28:9-32
29
30    <queries>
30-->[com.google.android.gms:play-services-maps:18.1.0] AndroidManifest.xml:30:5-34:15
31
32        <!-- Needs to be explicitly declared on Android R+ -->
33        <package android:name="com.google.android.apps.maps" />
33-->[com.google.android.gms:play-services-maps:18.1.0] AndroidManifest.xml:33:9-64
33-->[com.google.android.gms:play-services-maps:18.1.0] AndroidManifest.xml:33:18-61
34        <!-- For browser content -->
35        <intent>
35-->[com.google.android.gms:play-services-ads-lite:20.1.0] AndroidManifest.xml:30:9-36:18
36            <action android:name="android.intent.action.VIEW" />
36-->[com.google.android.gms:play-services-ads-lite:20.1.0] AndroidManifest.xml:31:13-65
36-->[com.google.android.gms:play-services-ads-lite:20.1.0] AndroidManifest.xml:31:21-62
37
38            <category android:name="android.intent.category.BROWSABLE" />
38-->[com.google.android.gms:play-services-ads-lite:20.1.0] AndroidManifest.xml:33:13-74
38-->[com.google.android.gms:play-services-ads-lite:20.1.0] AndroidManifest.xml:33:23-71
39
40            <data android:scheme="https" />
40-->[com.google.android.gms:play-services-ads-lite:20.1.0] AndroidManifest.xml:35:13-44
40-->[com.google.android.gms:play-services-ads-lite:20.1.0] AndroidManifest.xml:35:19-41
41        </intent> <!-- End of browser content -->
42        <!-- For CustomTabsService -->
43        <intent>
43-->[com.google.android.gms:play-services-ads-lite:20.1.0] AndroidManifest.xml:39:9-41:18
44            <action android:name="android.support.customtabs.action.CustomTabsService" />
44-->[com.google.android.gms:play-services-ads-lite:20.1.0] AndroidManifest.xml:40:13-90
44-->[com.google.android.gms:play-services-ads-lite:20.1.0] AndroidManifest.xml:40:21-87
45        </intent>
46    </queries>
47
48    <uses-permission android:name="android.permission.RECEIVE_BOOT_COMPLETED" />
48-->[androidx.work:work-runtime:2.1.0] AndroidManifest.xml:27:5-81
48-->[androidx.work:work-runtime:2.1.0] AndroidManifest.xml:27:22-78
49
50    <application
51        android:name="android.app.Application"
52        android:appComponentFactory="androidx.core.app.CoreComponentFactory"
52-->[androidx.core:core:1.6.0] AndroidManifest.xml:24:18-86
53        android:debuggable="true"
54        android:icon="@mipmap/ic_launcher"
55        android:label="da_travel" >
56        <activity
57            android:name="com.hwibin.da_travel.MainActivity"
58            android:configChanges="orientation|keyboardHidden|keyboard|screenSize|smallestScreenSize|locale|layoutDirection|fontScale|screenLayout|density|uiMode"
59            android:exported="true"
60            android:hardwareAccelerated="true"
61            android:launchMode="singleTop"
62            android:theme="@style/LaunchTheme"
63            android:windowSoftInputMode="adjustResize" >
64
65            <!--
66                 Specifies an Android theme to apply to this Activity as soon as
67                 the Android process has started. This theme is visible to the user
68                 while the Flutter UI initializes. After that, this theme continues
69                 to determine the Window background behind the Flutter UI.
70            -->
71            <meta-data
72                android:name="io.flutter.embedding.android.NormalTheme"
73                android:resource="@style/NormalTheme" />
74
75            <intent-filter>
76                <action android:name="android.intent.action.MAIN" />
77
78                <category android:name="android.intent.category.LAUNCHER" />
79            </intent-filter>
80        </activity>
81        <!--
82             Don't delete the meta-data below.
83             This is used by the Flutter tool to generate GeneratedPluginRegistrant.java
84        -->
85        <meta-data
86            android:name="flutterEmbedding"
87            android:value="2" />
88        <meta-data
89            android:name="com.google.android.gms.ads.APPLICATION_ID"
90            android:value="ca-app-pub-4237847446798323~2697569428" />
91
92        <service
92-->[:firebase_analytics] AndroidManifest.xml:12:9-16:19
93            android:name="com.google.firebase.components.ComponentDiscoveryService"
93-->[:firebase_analytics] AndroidManifest.xml:12:18-89
94            android:directBootAware="true"
94-->[com.google.firebase:firebase-common:20.1.2] AndroidManifest.xml:35:13-43
95            android:exported="false" >
95-->[com.google.firebase:firebase-messaging:23.0.8] AndroidManifest.xml:55:13-37
96            <meta-data
96-->[:firebase_analytics] AndroidManifest.xml:13:13-15:85
97                android:name="com.google.firebase.components:io.flutter.plugins.firebaseanalytics.FlutterFirebaseAppRegistrar"
97-->[:firebase_analytics] AndroidManifest.xml:14:17-127
98                android:value="com.google.firebase.components.ComponentRegistrar" />
98-->[:firebase_analytics] AndroidManifest.xml:15:17-82
99            <meta-data
99-->[:firebase_database] AndroidManifest.xml:9:13-11:85
100                android:name="com.google.firebase.components:io.flutter.plugins.firebase.database.FlutterFirebaseAppRegistrar"
100-->[:firebase_database] AndroidManifest.xml:10:17-127
101                android:value="com.google.firebase.components.ComponentRegistrar" />
101-->[:firebase_database] AndroidManifest.xml:11:17-82
102            <meta-data
102-->[:firebase_messaging] AndroidManifest.xml:36:13-38:85
103                android:name="com.google.firebase.components:io.flutter.plugins.firebase.messaging.FlutterFirebaseAppRegistrar"
103-->[:firebase_messaging] AndroidManifest.xml:37:17-128
104                android:value="com.google.firebase.components.ComponentRegistrar" />
104-->[:firebase_messaging] AndroidManifest.xml:38:17-82
105            <meta-data
105-->[:firebase_core] AndroidManifest.xml:9:13-11:85
106                android:name="com.google.firebase.components:io.flutter.plugins.firebase.core.FlutterFirebaseCoreRegistrar"
106-->[:firebase_core] AndroidManifest.xml:10:17-124
107                android:value="com.google.firebase.components.ComponentRegistrar" />
107-->[:firebase_core] AndroidManifest.xml:11:17-82
108            <meta-data
108-->[com.google.firebase:firebase-messaging:23.0.8] AndroidManifest.xml:56:13-58:85
109                android:name="com.google.firebase.components:com.google.firebase.messaging.FirebaseMessagingRegistrar"
109-->[com.google.firebase:firebase-messaging:23.0.8] AndroidManifest.xml:57:17-119
110                android:value="com.google.firebase.components.ComponentRegistrar" />
110-->[com.google.firebase:firebase-messaging:23.0.8] AndroidManifest.xml:58:17-82
111            <meta-data
111-->[com.google.firebase:firebase-database:20.0.6] AndroidManifest.xml:32:13-34:85
112                android:name="com.google.firebase.components:com.google.firebase.database.DatabaseRegistrar"
112-->[com.google.firebase:firebase-database:20.0.6] AndroidManifest.xml:33:17-109
113                android:value="com.google.firebase.components.ComponentRegistrar" />
113-->[com.google.firebase:firebase-database:20.0.6] AndroidManifest.xml:34:17-82
114            <meta-data
114-->[com.google.android.gms:play-services-measurement-api:21.1.1] AndroidManifest.xml:31:13-33:85
115                android:name="com.google.firebase.components:com.google.firebase.analytics.connector.internal.AnalyticsConnectorRegistrar"
115-->[com.google.android.gms:play-services-measurement-api:21.1.1] AndroidManifest.xml:32:17-139
116                android:value="com.google.firebase.components.ComponentRegistrar" />
116-->[com.google.android.gms:play-services-measurement-api:21.1.1] AndroidManifest.xml:33:17-82
117            <meta-data
117-->[com.google.firebase:firebase-datatransport:18.1.6] AndroidManifest.xml:28:13-30:85
118                android:name="com.google.firebase.components:com.google.firebase.datatransport.TransportRegistrar"
118-->[com.google.firebase:firebase-datatransport:18.1.6] AndroidManifest.xml:29:17-115
119                android:value="com.google.firebase.components.ComponentRegistrar" />
119-->[com.google.firebase:firebase-datatransport:18.1.6] AndroidManifest.xml:30:17-82
120            <meta-data
120-->[com.google.firebase:firebase-installations:17.0.3] AndroidManifest.xml:18:13-20:85
121                android:name="com.google.firebase.components:com.google.firebase.installations.FirebaseInstallationsRegistrar"
121-->[com.google.firebase:firebase-installations:17.0.3] AndroidManifest.xml:19:17-127
122                android:value="com.google.firebase.components.ComponentRegistrar" />
122-->[com.google.firebase:firebase-installations:17.0.3] AndroidManifest.xml:20:17-82
123        </service>
124        <service
124-->[:firebase_messaging] AndroidManifest.xml:14:9-17:72
125            android:name="io.flutter.plugins.firebase.messaging.FlutterFirebaseMessagingBackgroundService"
125-->[:firebase_messaging] AndroidManifest.xml:15:13-107
126            android:exported="false"
126-->[:firebase_messaging] AndroidManifest.xml:16:13-37
127            android:permission="android.permission.BIND_JOB_SERVICE" />
127-->[:firebase_messaging] AndroidManifest.xml:17:13-69
128        <service
128-->[:firebase_messaging] AndroidManifest.xml:18:9-24:19
129            android:name="io.flutter.plugins.firebase.messaging.FlutterFirebaseMessagingService"
129-->[:firebase_messaging] AndroidManifest.xml:19:13-97
130            android:exported="false" >
130-->[:firebase_messaging] AndroidManifest.xml:20:13-37
131            <intent-filter>
131-->[:firebase_messaging] AndroidManifest.xml:21:13-23:29
132                <action android:name="com.google.firebase.MESSAGING_EVENT" />
132-->[:firebase_messaging] AndroidManifest.xml:22:17-78
132-->[:firebase_messaging] AndroidManifest.xml:22:25-75
133            </intent-filter>
134        </service>
135
136        <receiver
136-->[:firebase_messaging] AndroidManifest.xml:26:9-33:20
137            android:name="io.flutter.plugins.firebase.messaging.FlutterFirebaseMessagingReceiver"
137-->[:firebase_messaging] AndroidManifest.xml:27:13-98
138            android:exported="true"
138-->[:firebase_messaging] AndroidManifest.xml:28:13-36
139            android:permission="com.google.android.c2dm.permission.SEND" >
139-->[:firebase_messaging] AndroidManifest.xml:29:13-73
140            <intent-filter>
140-->[:firebase_messaging] AndroidManifest.xml:30:13-32:29
141                <action android:name="com.google.android.c2dm.intent.RECEIVE" />
141-->[:firebase_messaging] AndroidManifest.xml:31:17-81
141-->[:firebase_messaging] AndroidManifest.xml:31:25-78
142            </intent-filter>
143        </receiver>
144
145        <provider
145-->[:firebase_messaging] AndroidManifest.xml:41:9-45:38
146            android:name="io.flutter.plugins.firebase.messaging.FlutterFirebaseMessagingInitProvider"
146-->[:firebase_messaging] AndroidManifest.xml:42:13-102
147            android:authorities="com.hwibin.da_travel.flutterfirebasemessaginginitprovider"
147-->[:firebase_messaging] AndroidManifest.xml:43:13-88
148            android:exported="false"
148-->[:firebase_messaging] AndroidManifest.xml:44:13-37
149            android:initOrder="99" />
149-->[:firebase_messaging] AndroidManifest.xml:45:13-35
150
151        <meta-data
151-->[:google_mobile_ads] AndroidManifest.xml:10:9-12:36
152            android:name="io.flutter.embedded_views_preview"
152-->[:google_mobile_ads] AndroidManifest.xml:11:13-61
153            android:value="true" />
153-->[:google_mobile_ads] AndroidManifest.xml:12:13-33
154
155        <uses-library
155-->[androidx.window:window:1.0.0-beta04] AndroidManifest.xml:25:9-27:40
156            android:name="androidx.window.extensions"
156-->[androidx.window:window:1.0.0-beta04] AndroidManifest.xml:26:13-54
157            android:required="false" />
157-->[androidx.window:window:1.0.0-beta04] AndroidManifest.xml:27:13-37
158        <uses-library
158-->[androidx.window:window:1.0.0-beta04] AndroidManifest.xml:28:9-30:40
159            android:name="androidx.window.sidecar"
159-->[androidx.window:window:1.0.0-beta04] AndroidManifest.xml:29:13-51
160            android:required="false" />
160-->[androidx.window:window:1.0.0-beta04] AndroidManifest.xml:30:13-37
161
162        <receiver
162-->[com.google.firebase:firebase-messaging:23.0.8] AndroidManifest.xml:32:9-39:20
163            android:name="com.google.firebase.iid.FirebaseInstanceIdReceiver"
163-->[com.google.firebase:firebase-messaging:23.0.8] AndroidManifest.xml:33:13-78
164            android:exported="true"
164-->[com.google.firebase:firebase-messaging:23.0.8] AndroidManifest.xml:34:13-36
165            android:permission="com.google.android.c2dm.permission.SEND" >
165-->[com.google.firebase:firebase-messaging:23.0.8] AndroidManifest.xml:35:13-73
166            <intent-filter>
166-->[:firebase_messaging] AndroidManifest.xml:30:13-32:29
167                <action android:name="com.google.android.c2dm.intent.RECEIVE" />
167-->[:firebase_messaging] AndroidManifest.xml:31:17-81
167-->[:firebase_messaging] AndroidManifest.xml:31:25-78
168            </intent-filter>
169        </receiver>
170        <!--
171             FirebaseMessagingService performs security checks at runtime,
172             but set to not exported to explicitly avoid allowing another app to call it.
173        -->
174        <service
174-->[com.google.firebase:firebase-messaging:23.0.8] AndroidManifest.xml:45:9-52:19
175            android:name="com.google.firebase.messaging.FirebaseMessagingService"
175-->[com.google.firebase:firebase-messaging:23.0.8] AndroidManifest.xml:46:13-82
176            android:directBootAware="true"
176-->[com.google.firebase:firebase-messaging:23.0.8] AndroidManifest.xml:47:13-43
177            android:exported="false" >
177-->[com.google.firebase:firebase-messaging:23.0.8] AndroidManifest.xml:48:13-37
178            <intent-filter android:priority="-500" >
178-->[:firebase_messaging] AndroidManifest.xml:21:13-23:29
179                <action android:name="com.google.firebase.MESSAGING_EVENT" />
179-->[:firebase_messaging] AndroidManifest.xml:22:17-78
179-->[:firebase_messaging] AndroidManifest.xml:22:25-75
180            </intent-filter>
181        </service>
182
183        <provider
183-->[com.google.firebase:firebase-common:20.1.2] AndroidManifest.xml:26:9-31:39
184            android:name="com.google.firebase.provider.FirebaseInitProvider"
184-->[com.google.firebase:firebase-common:20.1.2] AndroidManifest.xml:27:13-77
185            android:authorities="com.hwibin.da_travel.firebaseinitprovider"
185-->[com.google.firebase:firebase-common:20.1.2] AndroidManifest.xml:28:13-72
186            android:directBootAware="true"
186-->[com.google.firebase:firebase-common:20.1.2] AndroidManifest.xml:29:13-43
187            android:exported="false"
187-->[com.google.firebase:firebase-common:20.1.2] AndroidManifest.xml:30:13-37
188            android:initOrder="100" />
188-->[com.google.firebase:firebase-common:20.1.2] AndroidManifest.xml:31:13-36
189
190        <receiver
190-->[com.google.android.gms:play-services-measurement:21.1.1] AndroidManifest.xml:29:9-33:20
191            android:name="com.google.android.gms.measurement.AppMeasurementReceiver"
191-->[com.google.android.gms:play-services-measurement:21.1.1] AndroidManifest.xml:30:13-85
192            android:enabled="true"
192-->[com.google.android.gms:play-services-measurement:21.1.1] AndroidManifest.xml:31:13-35
193            android:exported="false" >
193-->[com.google.android.gms:play-services-measurement:21.1.1] AndroidManifest.xml:32:13-37
194        </receiver>
195
196        <service
196-->[com.google.android.gms:play-services-measurement:21.1.1] AndroidManifest.xml:35:9-38:40
197            android:name="com.google.android.gms.measurement.AppMeasurementService"
197-->[com.google.android.gms:play-services-measurement:21.1.1] AndroidManifest.xml:36:13-84
198            android:enabled="true"
198-->[com.google.android.gms:play-services-measurement:21.1.1] AndroidManifest.xml:37:13-35
199            android:exported="false" />
199-->[com.google.android.gms:play-services-measurement:21.1.1] AndroidManifest.xml:38:13-37
200        <service
200-->[com.google.android.gms:play-services-measurement:21.1.1] AndroidManifest.xml:39:9-43:72
201            android:name="com.google.android.gms.measurement.AppMeasurementJobService"
201-->[com.google.android.gms:play-services-measurement:21.1.1] AndroidManifest.xml:40:13-87
202            android:enabled="true"
202-->[com.google.android.gms:play-services-measurement:21.1.1] AndroidManifest.xml:41:13-35
203            android:exported="false"
203-->[com.google.android.gms:play-services-measurement:21.1.1] AndroidManifest.xml:42:13-37
204            android:permission="android.permission.BIND_JOB_SERVICE" /> <!-- Needs to be explicitly declared on P+ -->
204-->[com.google.android.gms:play-services-measurement:21.1.1] AndroidManifest.xml:43:13-69
205        <uses-library
205-->[com.google.android.gms:play-services-maps:18.1.0] AndroidManifest.xml:39:9-41:40
206            android:name="org.apache.http.legacy"
206-->[com.google.android.gms:play-services-maps:18.1.0] AndroidManifest.xml:40:13-50
207            android:required="false" />
207-->[com.google.android.gms:play-services-maps:18.1.0] AndroidManifest.xml:41:13-37
208
209        <activity
209-->[com.google.android.gms:play-services-base:18.0.1] AndroidManifest.xml:20:9-22:45
210            android:name="com.google.android.gms.common.api.GoogleApiActivity"
210-->[com.google.android.gms:play-services-base:18.0.1] AndroidManifest.xml:20:19-85
211            android:exported="false"
211-->[com.google.android.gms:play-services-base:18.0.1] AndroidManifest.xml:22:19-43
212            android:theme="@android:style/Theme.Translucent.NoTitleBar" /> <!-- Include the AdActivity and InAppPurchaseActivity configChanges and themes. -->
212-->[com.google.android.gms:play-services-base:18.0.1] AndroidManifest.xml:21:19-78
213        <activity
213-->[com.google.android.gms:play-services-ads-lite:20.1.0] AndroidManifest.xml:48:9-52:64
214            android:name="com.google.android.gms.ads.AdActivity"
214-->[com.google.android.gms:play-services-ads-lite:20.1.0] AndroidManifest.xml:49:13-65
215            android:configChanges="keyboard|keyboardHidden|orientation|screenLayout|uiMode|screenSize|smallestScreenSize"
215-->[com.google.android.gms:play-services-ads-lite:20.1.0] AndroidManifest.xml:50:13-122
216            android:exported="false"
216-->[com.google.android.gms:play-services-ads-lite:20.1.0] AndroidManifest.xml:51:13-37
217            android:theme="@android:style/Theme.Translucent" />
217-->[com.google.android.gms:play-services-ads-lite:20.1.0] AndroidManifest.xml:52:13-61
218
219        <provider
219-->[com.google.android.gms:play-services-ads-lite:20.1.0] AndroidManifest.xml:54:9-58:39
220            android:name="com.google.android.gms.ads.MobileAdsInitProvider"
220-->[com.google.android.gms:play-services-ads-lite:20.1.0] AndroidManifest.xml:55:13-76
221            android:authorities="com.hwibin.da_travel.mobileadsinitprovider"
221-->[com.google.android.gms:play-services-ads-lite:20.1.0] AndroidManifest.xml:56:13-73
222            android:exported="false"
222-->[com.google.android.gms:play-services-ads-lite:20.1.0] AndroidManifest.xml:57:13-37
223            android:initOrder="100" />
223-->[com.google.android.gms:play-services-ads-lite:20.1.0] AndroidManifest.xml:58:13-36
224
225        <service
225-->[com.google.android.gms:play-services-ads-lite:20.1.0] AndroidManifest.xml:60:9-63:40
226            android:name="com.google.android.gms.ads.AdService"
226-->[com.google.android.gms:play-services-ads-lite:20.1.0] AndroidManifest.xml:61:13-64
227            android:enabled="true"
227-->[com.google.android.gms:play-services-ads-lite:20.1.0] AndroidManifest.xml:62:13-35
228            android:exported="false" />
228-->[com.google.android.gms:play-services-ads-lite:20.1.0] AndroidManifest.xml:63:13-37
229
230        <meta-data
230-->[com.google.android.gms:play-services-basement:18.1.0] AndroidManifest.xml:21:9-23:69
231            android:name="com.google.android.gms.version"
231-->[com.google.android.gms:play-services-basement:18.1.0] AndroidManifest.xml:22:13-58
232            android:value="@integer/google_play_services_version" />
232-->[com.google.android.gms:play-services-basement:18.1.0] AndroidManifest.xml:23:13-66
233
234        <provider
234-->[androidx.work:work-runtime:2.1.0] AndroidManifest.xml:30:9-36:35
235            android:name="androidx.work.impl.WorkManagerInitializer"
235-->[androidx.work:work-runtime:2.1.0] AndroidManifest.xml:31:13-69
236            android:authorities="com.hwibin.da_travel.workmanager-init"
236-->[androidx.work:work-runtime:2.1.0] AndroidManifest.xml:32:13-68
237            android:directBootAware="false"
237-->[androidx.work:work-runtime:2.1.0] AndroidManifest.xml:33:13-44
238            android:exported="false"
238-->[androidx.work:work-runtime:2.1.0] AndroidManifest.xml:34:13-37
239            android:multiprocess="true" />
239-->[androidx.work:work-runtime:2.1.0] AndroidManifest.xml:35:13-40
240
241        <service
241-->[androidx.work:work-runtime:2.1.0] AndroidManifest.xml:38:9-43:35
242            android:name="androidx.work.impl.background.systemalarm.SystemAlarmService"
242-->[androidx.work:work-runtime:2.1.0] AndroidManifest.xml:39:13-88
243            android:directBootAware="false"
243-->[androidx.work:work-runtime:2.1.0] AndroidManifest.xml:40:13-44
244            android:enabled="@bool/enable_system_alarm_service_default"
244-->[androidx.work:work-runtime:2.1.0] AndroidManifest.xml:41:13-72
245            android:exported="false" />
245-->[androidx.work:work-runtime:2.1.0] AndroidManifest.xml:42:13-37
246        <service
246-->[androidx.work:work-runtime:2.1.0] AndroidManifest.xml:44:9-50:35
247            android:name="androidx.work.impl.background.systemjob.SystemJobService"
247-->[androidx.work:work-runtime:2.1.0] AndroidManifest.xml:45:13-84
248            android:directBootAware="false"
248-->[androidx.work:work-runtime:2.1.0] AndroidManifest.xml:46:13-44
249            android:enabled="@bool/enable_system_job_service_default"
249-->[androidx.work:work-runtime:2.1.0] AndroidManifest.xml:47:13-70
250            android:exported="true"
250-->[androidx.work:work-runtime:2.1.0] AndroidManifest.xml:48:13-36
251            android:permission="android.permission.BIND_JOB_SERVICE" />
251-->[androidx.work:work-runtime:2.1.0] AndroidManifest.xml:49:13-69
252
253        <receiver
253-->[androidx.work:work-runtime:2.1.0] AndroidManifest.xml:52:9-57:35
254            android:name="androidx.work.impl.utils.ForceStopRunnable$BroadcastReceiver"
254-->[androidx.work:work-runtime:2.1.0] AndroidManifest.xml:53:13-88
255            android:directBootAware="false"
255-->[androidx.work:work-runtime:2.1.0] AndroidManifest.xml:54:13-44
256            android:enabled="true"
256-->[androidx.work:work-runtime:2.1.0] AndroidManifest.xml:55:13-35
257            android:exported="false" />
257-->[androidx.work:work-runtime:2.1.0] AndroidManifest.xml:56:13-37
258        <receiver
258-->[androidx.work:work-runtime:2.1.0] AndroidManifest.xml:58:9-68:20
259            android:name="androidx.work.impl.background.systemalarm.ConstraintProxy$BatteryChargingProxy"
259-->[androidx.work:work-runtime:2.1.0] AndroidManifest.xml:59:13-106
260            android:directBootAware="false"
260-->[androidx.work:work-runtime:2.1.0] AndroidManifest.xml:60:13-44
261            android:enabled="false"
261-->[androidx.work:work-runtime:2.1.0] AndroidManifest.xml:61:13-36
262            android:exported="false" >
262-->[androidx.work:work-runtime:2.1.0] AndroidManifest.xml:62:13-37
263            <intent-filter>
263-->[androidx.work:work-runtime:2.1.0] AndroidManifest.xml:64:13-67:29
264                <action android:name="android.intent.action.ACTION_POWER_CONNECTED" />
264-->[androidx.work:work-runtime:2.1.0] AndroidManifest.xml:65:17-87
264-->[androidx.work:work-runtime:2.1.0] AndroidManifest.xml:65:25-84
265                <action android:name="android.intent.action.ACTION_POWER_DISCONNECTED" />
265-->[androidx.work:work-runtime:2.1.0] AndroidManifest.xml:66:17-90
265-->[androidx.work:work-runtime:2.1.0] AndroidManifest.xml:66:25-87
266            </intent-filter>
267        </receiver>
268        <receiver
268-->[androidx.work:work-runtime:2.1.0] AndroidManifest.xml:69:9-79:20
269            android:name="androidx.work.impl.background.systemalarm.ConstraintProxy$BatteryNotLowProxy"
269-->[androidx.work:work-runtime:2.1.0] AndroidManifest.xml:70:13-104
270            android:directBootAware="false"
270-->[androidx.work:work-runtime:2.1.0] AndroidManifest.xml:71:13-44
271            android:enabled="false"
271-->[androidx.work:work-runtime:2.1.0] AndroidManifest.xml:72:13-36
272            android:exported="false" >
272-->[androidx.work:work-runtime:2.1.0] AndroidManifest.xml:73:13-37
273            <intent-filter>
273-->[androidx.work:work-runtime:2.1.0] AndroidManifest.xml:75:13-78:29
274                <action android:name="android.intent.action.BATTERY_OKAY" />
274-->[androidx.work:work-runtime:2.1.0] AndroidManifest.xml:76:17-77
274-->[androidx.work:work-runtime:2.1.0] AndroidManifest.xml:76:25-74
275                <action android:name="android.intent.action.BATTERY_LOW" />
275-->[androidx.work:work-runtime:2.1.0] AndroidManifest.xml:77:17-76
275-->[androidx.work:work-runtime:2.1.0] AndroidManifest.xml:77:25-73
276            </intent-filter>
277        </receiver>
278        <receiver
278-->[androidx.work:work-runtime:2.1.0] AndroidManifest.xml:80:9-90:20
279            android:name="androidx.work.impl.background.systemalarm.ConstraintProxy$StorageNotLowProxy"
279-->[androidx.work:work-runtime:2.1.0] AndroidManifest.xml:81:13-104
280            android:directBootAware="false"
280-->[androidx.work:work-runtime:2.1.0] AndroidManifest.xml:82:13-44
281            android:enabled="false"
281-->[androidx.work:work-runtime:2.1.0] AndroidManifest.xml:83:13-36
282            android:exported="false" >
282-->[androidx.work:work-runtime:2.1.0] AndroidManifest.xml:84:13-37
283            <intent-filter>
283-->[androidx.work:work-runtime:2.1.0] AndroidManifest.xml:86:13-89:29
284                <action android:name="android.intent.action.DEVICE_STORAGE_LOW" />
284-->[androidx.work:work-runtime:2.1.0] AndroidManifest.xml:87:17-83
284-->[androidx.work:work-runtime:2.1.0] AndroidManifest.xml:87:25-80
285                <action android:name="android.intent.action.DEVICE_STORAGE_OK" />
285-->[androidx.work:work-runtime:2.1.0] AndroidManifest.xml:88:17-82
285-->[androidx.work:work-runtime:2.1.0] AndroidManifest.xml:88:25-79
286            </intent-filter>
287        </receiver>
288        <receiver
288-->[androidx.work:work-runtime:2.1.0] AndroidManifest.xml:91:9-100:20
289            android:name="androidx.work.impl.background.systemalarm.ConstraintProxy$NetworkStateProxy"
289-->[androidx.work:work-runtime:2.1.0] AndroidManifest.xml:92:13-103
290            android:directBootAware="false"